5217821351491:ENCOLADO ans_0189aed1-a2c6-486b-96dd-9aa2ec620c6f
EJECUTANDO:ans_0189aed1-a2c6-486b-96dd-9aa2ec620c6f
5217821351491:SUCCESS
5217821351491:ENCOLADO ans_5b2d0dd5-071b-4894-ace6-2bdd90c8169c
EJECUTANDO:ans_5b2d0dd5-071b-4894-ace6-2bdd90c8169c
5217821351491:SUCCESS
5217821351491:ENCOLADO ans_b7ca7dea-281e-4f3d-866f-b505c038a701
EJECUTANDO:ans_b7ca7dea-281e-4f3d-866f-b505c038a701
5217821351491:SUCCESS
5217821351491:ENCOLADO ans_703e725e-2320-4943-bbdd-3cdded6fb8db
EJECUTANDO:ans_703e725e-2320-4943-bbdd-3cdded6fb8db
5217821351491:SUCCESS
5217821351491:ENCOLADO ans_963cfd00-c8c3-4af6-8ba9-b9d564088e63
EJECUTANDO:ans_963cfd00-c8c3-4af6-8ba9-b9d564088e63
5217821351491:SUCCESS
5217821351491:ENCOLADO ans_d030857d-62c4-4679-81af-39d7c349d553
EJECUTANDO:ans_d030857d-62c4-4679-81af-39d7c349d553
5217821351491:SUCCESS
5217821351491:ENCOLADO ans_963cfd00-c8c3-4af6-8ba9-b9d564088e63
EJECUTANDO:ans_963cfd00-c8c3-4af6-8ba9-b9d564088e63
5217821351491:SUCCESS
5217821351491:ENCOLADO ans_d030857d-62c4-4679-81af-39d7c349d553
EJECUTANDO:ans_d030857d-62c4-4679-81af-39d7c349d553
5217821351491:SUCCESS
5217821351491:ENCOLADO ans_0189aed1-a2c6-486b-96dd-9aa2ec620c6f
EJECUTANDO:ans_0189aed1-a2c6-486b-96dd-9aa2ec620c6f
5217821351491:SUCCESS
5217821351491:ENCOLADO ans_5b2d0dd5-071b-4894-ace6-2bdd90c8169c
EJECUTANDO:ans_5b2d0dd5-071b-4894-ace6-2bdd90c8169c
5217821351491:SUCCESS
5217821351491:ENCOLADO ans_b7ca7dea-281e-4f3d-866f-b505c038a701
EJECUTANDO:ans_b7ca7dea-281e-4f3d-866f-b505c038a701
5217821351491:SUCCESS
5217821351491:ENCOLADO ans_703e725e-2320-4943-bbdd-3cdded6fb8db
EJECUTANDO:ans_703e725e-2320-4943-bbdd-3cdded6fb8db
5217821351491:SUCCESS
5217821351491:ENCOLADO ans_963cfd00-c8c3-4af6-8ba9-b9d564088e63
EJECUTANDO:ans_963cfd00-c8c3-4af6-8ba9-b9d564088e63
5217821351491:SUCCESS
5217821351491:ENCOLADO ans_d030857d-62c4-4679-81af-39d7c349d553
EJECUTANDO:ans_d030857d-62c4-4679-81af-39d7c349d553
5217821351491:SUCCESS
5217821351491:ENCOLADO ans_963cfd00-c8c3-4af6-8ba9-b9d564088e63
EJECUTANDO:ans_963cfd00-c8c3-4af6-8ba9-b9d564088e63
5217821351491:SUCCESS
5217821351491:ENCOLADO ans_d030857d-62c4-4679-81af-39d7c349d553
EJECUTANDO:ans_d030857d-62c4-4679-81af-39d7c349d553
5217821351491:SUCCESS
5217821351491:ENCOLADO ans_963cfd00-c8c3-4af6-8ba9-b9d564088e63
EJECUTANDO:ans_963cfd00-c8c3-4af6-8ba9-b9d564088e63
5217821351491:SUCCESS
5217821351491:ENCOLADO ans_d030857d-62c4-4679-81af-39d7c349d553
EJECUTANDO:ans_d030857d-62c4-4679-81af-39d7c349d553
5217821351491:SUCCESS
